27/02/2024 15:06:33: Ident.: ConsultaPagamentoService: vResultado Msg: {
  "sucesso" : true,
  "mensagem" : "Dados Encontrados!",
  "data" : [
    {
      "codigo" : 5,
      "descricao" : "PIX ROBSON",
      "tppix" : "CPF",
      "chpix" : "42395860115",
      "qrcode" : 4
    },
    {
      "codigo" : 6,
      "descricao" : "PIX AUGUSTO",
      "tppix" : "Celular",
      "chpix" : "62999745175",
      "qrcode" : 3
    }
  ]
} 
----------------------------------------------------------------------
28/02/2024 10:17:40: Ident.: ConsultaPagamentoService: vResultado Msg: {
  "sucesso" : true,
  "mensagem" : "Dados Encontrados!",
  "data" : [
    {
      "codigo" : 5,
      "descricao" : "PIX ROBSON",
      "tppix" : "CPF",
      "chpix" : "42395860115",
      "qrcode" : 4
    },
    {
      "codigo" : 6,
      "descricao" : "PIX AUGUSTO",
      "tppix" : "Celular",
      "chpix" : "62999745175",
      "qrcode" : 3
    }
  ]
} 
----------------------------------------------------------------------
28/02/2024 10:17:59: Ident.: OnRecebimento: aReq.body Msg: {"acerto":"14112","contcon":"6","contrato":"14855","numero":"1","qtdParcelas":"9","valor":"351.44999313354447","dtrec":"2024-02-28T10:17:59.194804","frmpg":"1","latitude":"0.0","longitude":"0.0"} 
----------------------------------------------------------------------
28/02/2024 10:17:59: Ident.: TPagamentoService.Recebimento pBody: Msg: {"acerto":"14112","contcon":"6","contrato":"14855","numero":"1","qtdParcelas":"9","valor":"351.44999313354447","dtrec":"2024-02-28T10:17:59.194804","frmpg":"1","latitude":"0.0","longitude":"0.0"} 
----------------------------------------------------------------------
